2018-12-11 23:39:35,209 INFO  [org.jboss.modules] (main) JBoss Modules version 1.3.3.Final
2018-12-11 23:39:35,465 INFO  [org.jboss.msc] (main) JBoss MSC version 1.2.2.Final
2018-12-11 23:39:35,612 INFO  [org.jboss.as] (MSC service thread 1-7) JBAS015899: WildFly 8.2.0.Final "Tweek" starting
2018-12-11 23:39:35,624 DEBUG [org.jboss.as.config] (MSC service thread 1-7) Configured system properties:
	[Standalone] = 
	awt.toolkit = sun.awt.X11.XToolkit
	file.encoding = UTF-8
	file.encoding.pkg = sun.io
	file.separator = /
	java.awt.graphicsenv = sun.awt.X11GraphicsEnvironment
	java.awt.headless = true
	java.awt.printerjob = sun.print.PSPrinterJob
	java.class.path = /root/cicid/devops_cicd_pipeline/docker/wildfly-8.2.0.Final/jboss-modules.jar
	java.class.version = 52.0
	java.endorsed.dirs = /usr/lib/jvm/java-1.8.0-openjdk-1.8.0.191.b12-1.el7_6.x86_64/jre/lib/endorsed
	java.ext.dirs = /usr/lib/jvm/java-1.8.0-openjdk-1.8.0.191.b12-1.el7_6.x86_64/jre/lib/ext:/usr/java/packages/lib/ext
	java.home = /usr/lib/jvm/java-1.8.0-openjdk-1.8.0.191.b12-1.el7_6.x86_64/jre
	java.io.tmpdir = /tmp
	java.library.path = /usr/java/packages/lib/amd64:/usr/lib64:/lib64:/lib:/usr/lib
	java.net.preferIPv4Stack = true
	java.runtime.name = OpenJDK Runtime Environment
	java.runtime.version = 1.8.0_191-b12
	java.specification.name = Java Platform API Specification
	java.specification.vendor = Oracle Corporation
	java.specification.version = 1.8
	java.util.logging.manager = org.jboss.logmanager.LogManager
	java.vendor = Oracle Corporation
	java.vendor.url = http://java.oracle.com/
	java.vendor.url.bug = http://bugreport.sun.com/bugreport/
	java.version = 1.8.0_191
	java.vm.info = mixed mode
	java.vm.name = OpenJDK 64-Bit Server VM
	java.vm.specification.name = Java Virtual Machine Specification
	java.vm.specification.vendor = Oracle Corporation
	java.vm.specification.version = 1.8
	java.vm.vendor = Oracle Corporation
	java.vm.version = 25.191-b12
	javax.management.builder.initial = org.jboss.as.jmx.PluggableMBeanServerBuilder
	javax.xml.datatype.DatatypeFactory = __redirected.__DatatypeFactory
	javax.xml.parsers.DocumentBuilderFactory = __redirected.__DocumentBuilderFactory
	javax.xml.parsers.SAXParserFactory = __redirected.__SAXParserFactory
	javax.xml.stream.XMLEventFactory = __redirected.__XMLEventFactory
	javax.xml.stream.XMLInputFactory = __redirected.__XMLInputFactory
	javax.xml.stream.XMLOutputFactory = __redirected.__XMLOutputFactory
	javax.xml.transform.TransformerFactory = __redirected.__TransformerFactory
	javax.xml.validation.SchemaFactory:http://www.w3.org/2001/XMLSchema = __redirected.__SchemaFactory
	javax.xml.xpath.XPathFactory:http://java.sun.com/jaxp/xpath/dom = __redirected.__XPathFactory
	jboss.home.dir = /root/cicid/devops_cicd_pipeline/docker/wildfly-8.2.0.Final
	jboss.host.name = cent71176
	jboss.modules.dir = /root/cicid/devops_cicd_pipeline/docker/wildfly-8.2.0.Final/modules
	jboss.modules.system.pkgs = org.jboss.byteman
	jboss.node.name = cent71176
	jboss.qualified.host.name = cent71176.alearn.net
	jboss.server.base.dir = /root/cicid/devops_cicd_pipeline/docker/wildfly-8.2.0.Final/standalone
	jboss.server.config.dir = /root/cicid/devops_cicd_pipeline/docker/wildfly-8.2.0.Final/standalone/configuration
	jboss.server.data.dir = /root/cicid/devops_cicd_pipeline/docker/wildfly-8.2.0.Final/standalone/data
	jboss.server.deploy.dir = /root/cicid/devops_cicd_pipeline/docker/wildfly-8.2.0.Final/standalone/data/content
	jboss.server.log.dir = /root/cicid/devops_cicd_pipeline/docker/wildfly-8.2.0.Final/standalone/log
	jboss.server.name = cent71176
	jboss.server.persist.config = true
	jboss.server.temp.dir = /root/cicid/devops_cicd_pipeline/docker/wildfly-8.2.0.Final/standalone/tmp
	line.separator = 

	logging.configuration = file:/root/cicid/devops_cicd_pipeline/docker/wildfly-8.2.0.Final/standalone/configuration/logging.properties
	module.path = /root/cicid/devops_cicd_pipeline/docker/wildfly-8.2.0.Final/modules
	org.jboss.boot.log.file = /root/cicid/devops_cicd_pipeline/docker/wildfly-8.2.0.Final/standalone/log/server.log
	org.jboss.resolver.warning = true
	org.xml.sax.driver = __redirected.__XMLReaderFactory
	os.arch = amd64
	os.name = Linux
	os.version = 3.10.0-693.el7.x86_64
	path.separator = :
	sun.arch.data.model = 64
	sun.boot.class.path = /usr/lib/jvm/java-1.8.0-openjdk-1.8.0.191.b12-1.el7_6.x86_64/jre/lib/resources.jar:/usr/lib/jvm/java-1.8.0-openjdk-1.8.0.191.b12-1.el7_6.x86_64/jre/lib/rt.jar:/usr/lib/jvm/java-1.8.0-openjdk-1.8.0.191.b12-1.el7_6.x86_64/jre/lib/sunrsasign.jar:/usr/lib/jvm/java-1.8.0-openjdk-1.8.0.191.b12-1.el7_6.x86_64/jre/lib/jsse.jar:/usr/lib/jvm/java-1.8.0-openjdk-1.8.0.191.b12-1.el7_6.x86_64/jre/lib/jce.jar:/usr/lib/jvm/java-1.8.0-openjdk-1.8.0.191.b12-1.el7_6.x86_64/jre/lib/charsets.jar:/usr/lib/jvm/java-1.8.0-openjdk-1.8.0.191.b12-1.el7_6.x86_64/jre/lib/jfr.jar:/usr/lib/jvm/java-1.8.0-openjdk-1.8.0.191.b12-1.el7_6.x86_64/jre/classes
	sun.boot.library.path = /usr/lib/jvm/java-1.8.0-openjdk-1.8.0.191.b12-1.el7_6.x86_64/jre/lib/amd64
	sun.cpu.endian = little
	sun.cpu.isalist = 
	sun.io.unicode.encoding = UnicodeLittle
	sun.java.command = /root/cicid/devops_cicd_pipeline/docker/wildfly-8.2.0.Final/jboss-modules.jar -mp /root/cicid/devops_cicd_pipeline/docker/wildfly-8.2.0.Final/modules org.jboss.as.standalone -Djboss.home.dir=/root/cicid/devops_cicd_pipeline/docker/wildfly-8.2.0.Final -Djboss.server.base.dir=/root/cicid/devops_cicd_pipeline/docker/wildfly-8.2.0.Final/standalone
	sun.java.launcher = SUN_STANDARD
	sun.jnu.encoding = UTF-8
	sun.management.compiler = HotSpot 64-Bit Tiered Compilers
	sun.os.patch.level = unknown
	user.country = US
	user.dir = /root/cicid/devops_cicd_pipeline/docker
	user.home = /root
	user.language = en
	user.name = root
	user.timezone = America/New_York
2018-12-11 23:39:35,626 DEBUG [org.jboss.as.config] (MSC service thread 1-7) VM Arguments: -D[Standalone] -Xms64m -Xmx512m -XX:MaxPermSize=256m -Djava.net.preferIPv4Stack=true -Djboss.modules.system.pkgs=org.jboss.byteman -Djava.awt.headless=true -Dorg.jboss.boot.log.file=/root/cicid/devops_cicd_pipeline/docker/wildfly-8.2.0.Final/standalone/log/server.log -Dlogging.configuration=file:/root/cicid/devops_cicd_pipeline/docker/wildfly-8.2.0.Final/standalone/configuration/logging.properties 
2018-12-11 23:39:37,597 INFO  [org.jboss.as.server] (Controller Boot Thread) JBAS015888: Creating http management service using socket-binding (management-http)
2018-12-11 23:39:37,618 INFO  [org.xnio] (MSC service thread 1-1) XNIO version 3.3.0.Final
2018-12-11 23:39:37,633 INFO  [org.xnio.nio] (MSC service thread 1-1) XNIO NIO Implementation Version 3.3.0.Final
2018-12-11 23:39:37,710 INFO  [org.jboss.as.connector.subsystems.datasources] (ServerService Thread Pool -- 27) JBAS010403: Deploying JDBC-compliant driver class org.h2.Driver (version 1.3)
2018-12-11 23:39:37,735 INFO  [org.wildfly.extension.io] (ServerService Thread Pool -- 31) WFLYIO001: Worker 'default' has auto-configured to 8 core threads with 64 task threads based on your 4 available processors
2018-12-11 23:39:37,744 INFO  [org.jboss.as.clustering.infinispan] (ServerService Thread Pool -- 32) JBAS010280: Activating Infinispan subsystem.
2018-12-11 23:39:37,809 INFO  [org.jboss.as.jsf] (ServerService Thread Pool -- 38) JBAS012615: Activated the following JSF Implementations: [main]
2018-12-11 23:39:37,819 INFO  [org.jboss.as.naming] (ServerService Thread Pool -- 40) JBAS011800: Activating Naming Subsystem
2018-12-11 23:39:37,840 INFO  [org.jboss.remoting] (MSC service thread 1-1) JBoss Remoting version 4.0.6.Final
2018-12-11 23:39:37,843 INFO  [org.jboss.as.security] (ServerService Thread Pool -- 45) JBAS013171: Activating Security Subsystem
2018-12-11 23:39:37,844 WARN  [org.jboss.as.txn] (ServerService Thread Pool -- 46) JBAS010153: Node identifier property is set to the default value. Please make sure it is unique.
2018-12-11 23:39:37,850 INFO  [org.jboss.as.security] (MSC service thread 1-5) JBAS013170: Current PicketBox version=4.0.21.Final
2018-12-11 23:39:37,913 INFO  [org.jboss.as.connector.logging] (MSC service thread 1-7) JBAS010408: Starting JCA Subsystem (IronJacamar 1.1.9.Final)
2018-12-11 23:39:37,938 INFO  [org.jboss.as.connector.deployers.jdbc] (MSC service thread 1-6) JBAS010417: Started Driver service with driver-name = h2
2018-12-11 23:39:37,962 INFO  [org.jboss.as.webservices] (ServerService Thread Pool -- 48) JBAS015537: Activating WebServices Extension
2018-12-11 23:39:38,060 INFO  [org.wildfly.extension.undertow] (ServerService Thread Pool -- 47) JBAS017502: Undertow 1.1.0.Final starting
2018-12-11 23:39:38,061 INFO  [org.wildfly.extension.undertow] (MSC service thread 1-2) JBAS017502: Undertow 1.1.0.Final starting
2018-12-11 23:39:38,092 INFO  [org.jboss.as.naming] (MSC service thread 1-6) JBAS011802: Starting Naming Service
2018-12-11 23:39:38,124 INFO  [org.jboss.as.mail.extension] (MSC service thread 1-3) JBAS015400: Bound mail session [java:jboss/mail/Default]
2018-12-11 23:39:38,218 INFO  [org.wildfly.extension.undertow] (ServerService Thread Pool -- 47) JBAS017527: Creating file handler for path /root/cicid/devops_cicd_pipeline/docker/wildfly-8.2.0.Final/welcome-content
2018-12-11 23:39:38,395 INFO  [org.wildfly.extension.undertow] (MSC service thread 1-3) JBAS017525: Started server default-server.
2018-12-11 23:39:38,413 INFO  [org.wildfly.extension.undertow] (MSC service thread 1-3) JBAS017531: Host default-host starting
2018-12-11 23:39:38,608 INFO  [org.wildfly.extension.undertow] (MSC service thread 1-1) JBAS017519: Undertow HTTP listener default listening on /127.0.0.1:8080
2018-12-11 23:39:38,768 INFO  [org.jboss.as.server.deployment.scanner] (MSC service thread 1-8) JBAS015012: Started FileSystemDeploymentService for directory /root/cicid/devops_cicd_pipeline/docker/wildfly-8.2.0.Final/standalone/deployments
2018-12-11 23:39:38,918 INFO  [org.jboss.as.connector.subsystems.datasources] (MSC service thread 1-8) JBAS010400: Bound data source [java:jboss/datasources/ExampleDS]
2018-12-11 23:39:39,152 INFO  [org.jboss.ws.common.management] (MSC service thread 1-1) JBWS022052: Starting JBoss Web Services - Stack CXF Server 4.3.2.Final
2018-12-11 23:39:39,233 INFO  [org.jboss.as] (Controller Boot Thread) JBAS015961: Http management interface listening on http://127.0.0.1:9990/management
2018-12-11 23:39:39,234 INFO  [org.jboss.as] (Controller Boot Thread) JBAS015951: Admin console listening on http://127.0.0.1:9990
2018-12-11 23:39:39,235 INFO  [org.jboss.as] (Controller Boot Thread) JBAS015874: WildFly 8.2.0.Final "Tweek" started in 4515ms - Started 184 of 234 services (82 services are lazy, passive or on-demand)
2018-12-11 23:40:11,163 INFO  [org.jboss.as.connector.subsystems.datasources] (MSC service thread 1-3) JBAS010409: Unbound data source [java:jboss/datasources/ExampleDS]
2018-12-11 23:40:11,168 INFO  [org.wildfly.extension.undertow] (MSC service thread 1-6) JBAS017532: Host default-host stopping
2018-12-11 23:40:11,189 INFO  [org.jboss.as.connector.deployers.jdbc] (MSC service thread 1-8) JBAS010418: Stopped Driver service with driver-name = h2
2018-12-11 23:40:11,196 INFO  [org.wildfly.extension.undertow] (MSC service thread 1-6) JBAS017521: Undertow HTTP listener default suspending
2018-12-11 23:40:11,197 INFO  [org.wildfly.extension.undertow] (MSC service thread 1-6) JBAS017520: Undertow HTTP listener default stopped, was bound to /127.0.0.1:8080
2018-12-11 23:40:11,198 INFO  [org.wildfly.extension.undertow] (MSC service thread 1-3) JBAS017506: Undertow 1.1.0.Final stopping
2018-12-11 23:40:11,225 INFO  [org.jboss.as] (MSC service thread 1-5) JBAS015950: WildFly 8.2.0.Final "Tweek" stopped in 67ms
